{"level":"error","message":"'Error in fetching jobs:', SyntaxError: Unexpected token '<', \"\n\n<!DOCTYPE \"... is not valid JSON","timestamp":"2024-06-06 16:19:47"}
{"level":"error","message":"Error in pushing job data manulife to jobPostings array","timestamp":"2024-06-06 16:19:48"}
{"level":"error","message":"'Error in fetching jobs:', SyntaxError: Unexpected token '<', \"\n\n<!DOCTYPE \"... is not valid JSON","timestamp":"2024-06-06 16:29:04"}
{"level":"error","message":"Error in pushing job data shell to jobPostings array","timestamp":"2024-06-06 16:29:04"}
{"level":"error","message":"'Error in fetching jobs:', SyntaxError: Unexpected token '<', \"\n\n<!DOCTYPE \"... is not valid JSON","timestamp":"2024-06-06 16:29:44"}
{"level":"error","message":"Error in pushing job data jonas to jobPostings array","timestamp":"2024-06-06 16:29:44"}
{"level":"error","message":"'Error fetching single job:' https://curriculumassociates.wd5.myworkdayjobs.com/wday/cxs/curriculumassociates/external/job/US-CA-Remote/Educational-Consultant--Literacy--Per-Diem---San-Jose--California_JR02595","timestamp":"2024-06-06 16:31:19"}
{"level":"error","message":"\"Error fetching job data\", https://curriculumassociates.wd5.myworkdayjobs.com/wday/cxs/curriculumassociates/external/job/US-CA-Remote/Educational-Consultant--Literacy--Per-Diem---San-Jose--California_JR02595","timestamp":"2024-06-06 16:31:19"}
{"level":"error","message":"'Error fetching single job:' https://curriculumassociates.wd5.myworkdayjobs.com/wday/cxs/curriculumassociates/external/job/US-Remote/Senior-Manager--Web-Experience_JR02856","timestamp":"2024-06-06 16:31:19"}
{"level":"error","message":"\"Error fetching job data\", https://curriculumassociates.wd5.myworkdayjobs.com/wday/cxs/curriculumassociates/external/job/US-Remote/Senior-Manager--Web-Experience_JR02856","timestamp":"2024-06-06 16:31:19"}
{"level":"error","message":"'Error fetching single job:' https://curriculumassociates.wd5.myworkdayjobs.com/wday/cxs/curriculumassociates/external/job/US-Remote/Assessment-Design-Intern_JR02838","timestamp":"2024-06-06 16:31:19"}
{"level":"error","message":"\"Error fetching job data\", https://curriculumassociates.wd5.myworkdayjobs.com/wday/cxs/curriculumassociates/external/job/US-Remote/Assessment-Design-Intern_JR02838","timestamp":"2024-06-06 16:31:19"}
{"level":"error","message":"'Error fetching single job:' https://curriculumassociates.wd5.myworkdayjobs.com/wday/cxs/curriculumassociates/external/job/US-MA-Remote/Associate-Specialist--Engagement-PL-Operations_JR02850","timestamp":"2024-06-06 16:31:19"}
{"level":"error","message":"\"Error fetching job data\", https://curriculumassociates.wd5.myworkdayjobs.com/wday/cxs/curriculumassociates/external/job/US-MA-Remote/Associate-Specialist--Engagement-PL-Operations_JR02850","timestamp":"2024-06-06 16:31:19"}
{"level":"error","message":"'Error fetching single job:' https://curriculumassociates.wd5.myworkdayjobs.com/wday/cxs/curriculumassociates/external/job/US-IL-Remote/Sales-Director_JR02851","timestamp":"2024-06-06 16:31:19"}
{"level":"error","message":"\"Error fetching job data\", https://curriculumassociates.wd5.myworkdayjobs.com/wday/cxs/curriculumassociates/external/job/US-IL-Remote/Sales-Director_JR02851","timestamp":"2024-06-06 16:31:19"}
{"level":"error","message":"'Error fetching single job:' https://curriculumassociates.wd5.myworkdayjobs.com/wday/cxs/curriculumassociates/external/job/US-CA-Remote/Professional-Development-Specialist-Dedicated-LAUSD_JR02746-1","timestamp":"2024-06-06 16:31:19"}
{"level":"error","message":"\"Error fetching job data\", https://curriculumassociates.wd5.myworkdayjobs.com/wday/cxs/curriculumassociates/external/job/US-CA-Remote/Professional-Development-Specialist-Dedicated-LAUSD_JR02746-1","timestamp":"2024-06-06 16:31:19"}
{"level":"error","message":"'Error fetching single job:' https://curriculumassociates.wd5.myworkdayjobs.com/wday/cxs/curriculumassociates/external/job/US-SC-Remote/Professional-Learning-Specialist--Math-----Columbia--South-Carolina_JR02835","timestamp":"2024-06-06 16:31:19"}
{"level":"error","message":"\"Error fetching job data\", https://curriculumassociates.wd5.myworkdayjobs.com/wday/cxs/curriculumassociates/external/job/US-SC-Remote/Professional-Learning-Specialist--Math-----Columbia--South-Carolina_JR02835","timestamp":"2024-06-06 16:31:19"}
{"level":"error","message":"'Error fetching single job:' https://curriculumassociates.wd5.myworkdayjobs.com/wday/cxs/curriculumassociates/external/job/Oklahoma/Educational-Sales-Consultant_JR02828","timestamp":"2024-06-06 16:31:19"}
{"level":"error","message":"\"Error fetching job data\", https://curriculumassociates.wd5.myworkdayjobs.com/wday/cxs/curriculumassociates/external/job/Oklahoma/Educational-Sales-Consultant_JR02828","timestamp":"2024-06-06 16:31:19"}
{"level":"error","message":"'Error fetching single job:' https://curriculumassociates.wd5.myworkdayjobs.com/wday/cxs/curriculumassociates/external/job/US-FL-Remote/Per-Diem---Educational-Consultant---Palm-Beach-County--Florida-_JR02831","timestamp":"2024-06-06 16:31:19"}
{"level":"error","message":"\"Error fetching job data\", https://curriculumassociates.wd5.myworkdayjobs.com/wday/cxs/curriculumassociates/external/job/US-FL-Remote/Per-Diem---Educational-Consultant---Palm-Beach-County--Florida-_JR02831","timestamp":"2024-06-06 16:31:19"}
{"level":"error","message":"'Error fetching single job:' https://curriculumassociates.wd5.myworkdayjobs.com/wday/cxs/curriculumassociates/external/job/US-AR-Remote/Per-Diem-Educational-Consultant-Fayetteville--Arkansas_JR02301","timestamp":"2024-06-06 16:31:19"}
{"level":"error","message":"\"Error fetching job data\", https://curriculumassociates.wd5.myworkdayjobs.com/wday/cxs/curriculumassociates/external/job/US-AR-Remote/Per-Diem-Educational-Consultant-Fayetteville--Arkansas_JR02301","timestamp":"2024-06-06 16:31:19"}
{"level":"error","message":"'Error fetching single job:' https://curriculumassociates.wd5.myworkdayjobs.com/wday/cxs/curriculumassociates/external/job/US-AZ-Tucson/Educational-Consultant--Math----Per-Diem---Tucson--Arizona_JR02817","timestamp":"2024-06-06 16:31:19"}
{"level":"error","message":"\"Error fetching job data\", https://curriculumassociates.wd5.myworkdayjobs.com/wday/cxs/curriculumassociates/external/job/US-AZ-Tucson/Educational-Consultant--Math----Per-Diem---Tucson--Arizona_JR02817","timestamp":"2024-06-06 16:31:19"}
{"level":"error","message":"'Error fetching single job:' https://curriculumassociates.wd5.myworkdayjobs.com/wday/cxs/curriculumassociates/external/job/US-CO-Remote/Educational-Consultant--Kansas---Per-Diem_JR02527","timestamp":"2024-06-06 16:31:19"}
{"level":"error","message":"\"Error fetching job data\", https://curriculumassociates.wd5.myworkdayjobs.com/wday/cxs/curriculumassociates/external/job/US-CO-Remote/Educational-Consultant--Kansas---Per-Diem_JR02527","timestamp":"2024-06-06 16:31:19"}
{"level":"error","message":"'Error fetching single job:' https://curriculumassociates.wd5.myworkdayjobs.com/wday/cxs/curriculumassociates/external/job/Wichita-Kansas/Educational-Consultant--Math----Per-Diem---Wichita--Kansas_JR02764","timestamp":"2024-06-06 16:31:19"}
{"level":"error","message":"\"Error fetching job data\", https://curriculumassociates.wd5.myworkdayjobs.com/wday/cxs/curriculumassociates/external/job/Wichita-Kansas/Educational-Consultant--Math----Per-Diem---Wichita--Kansas_JR02764","timestamp":"2024-06-06 16:31:19"}
{"level":"error","message":"'Error fetching single job:' https://curriculumassociates.wd5.myworkdayjobs.com/wday/cxs/curriculumassociates/external/job/Columbus-Ohio/Sales-Support-Specialist_JR02673","timestamp":"2024-06-06 16:31:19"}
{"level":"error","message":"\"Error fetching job data\", https://curriculumassociates.wd5.myworkdayjobs.com/wday/cxs/curriculumassociates/external/job/Columbus-Ohio/Sales-Support-Specialist_JR02673","timestamp":"2024-06-06 16:31:19"}
{"level":"error","message":"'Error fetching single job:' https://curriculumassociates.wd5.myworkdayjobs.com/wday/cxs/curriculumassociates/external/job/US-UT-Remote/Educational-Consultant---Per-Diem---Salt-Lake-City--Utah_JR02526","timestamp":"2024-06-06 16:31:19"}
{"level":"error","message":"\"Error fetching job data\", https://curriculumassociates.wd5.myworkdayjobs.com/wday/cxs/curriculumassociates/external/job/US-UT-Remote/Educational-Consultant---Per-Diem---Salt-Lake-City--Utah_JR02526","timestamp":"2024-06-06 16:31:19"}
{"level":"error","message":"'Error fetching single job:' https://curriculumassociates.wd5.myworkdayjobs.com/wday/cxs/curriculumassociates/external/job/McAllen-Texas/Educational-Consultant--Bilingual----Per-Diem---McAllen--Texas_JR02506","timestamp":"2024-06-06 16:31:19"}
{"level":"error","message":"\"Error fetching job data\", https://curriculumassociates.wd5.myworkdayjobs.com/wday/cxs/curriculumassociates/external/job/McAllen-Texas/Educational-Consultant--Bilingual----Per-Diem---McAllen--Texas_JR02506","timestamp":"2024-06-06 16:31:19"}
{"level":"error","message":"'Error fetching single job:' https://curriculumassociates.wd5.myworkdayjobs.com/wday/cxs/curriculumassociates/external/job/US-Remote/Senior-Motion-Designer--FT--Temporary-_JR02830-2","timestamp":"2024-06-06 16:31:19"}
{"level":"error","message":"\"Error fetching job data\", https://curriculumassociates.wd5.myworkdayjobs.com/wday/cxs/curriculumassociates/external/job/US-Remote/Senior-Motion-Designer--FT--Temporary-_JR02830-2","timestamp":"2024-06-06 16:31:19"}
{"level":"error","message":"'Error fetching single job:' https://curriculumassociates.wd5.myworkdayjobs.com/wday/cxs/curriculumassociates/external/job/US-FL-Remote/Professional-Learning-Specialist---Broward-County--Florida_JR02638","timestamp":"2024-06-06 16:31:19"}
{"level":"error","message":"\"Error fetching job data\", https://curriculumassociates.wd5.myworkdayjobs.com/wday/cxs/curriculumassociates/external/job/US-FL-Remote/Professional-Learning-Specialist---Broward-County--Florida_JR02638","timestamp":"2024-06-06 16:31:19"}
{"level":"error","message":"'Error fetching single job:' https://curriculumassociates.wd5.myworkdayjobs.com/wday/cxs/curriculumassociates/external/job/US-NY-Remote/Educational-Consultant--Yonkers--NY---Per-Diem_JR02820","timestamp":"2024-06-06 16:31:19"}
{"level":"error","message":"\"Error fetching job data\", https://curriculumassociates.wd5.myworkdayjobs.com/wday/cxs/curriculumassociates/external/job/US-NY-Remote/Educational-Consultant--Yonkers--NY---Per-Diem_JR02820","timestamp":"2024-06-06 16:31:19"}
{"level":"error","message":"'Error fetching single job:' https://curriculumassociates.wd5.myworkdayjobs.com/wday/cxs/curriculumassociates/external/job/Tacoma-WA/Per-Diem---Sales-Support-Specialist_JR01906","timestamp":"2024-06-06 16:31:19"}
{"level":"error","message":"\"Error fetching job data\", https://curriculumassociates.wd5.myworkdayjobs.com/wday/cxs/curriculumassociates/external/job/Tacoma-WA/Per-Diem---Sales-Support-Specialist_JR01906","timestamp":"2024-06-06 16:31:19"}
{"level":"error","message":"'Error fetching single job:' https://curriculumassociates.wd5.myworkdayjobs.com/wday/cxs/curriculumassociates/external/job/US-CA-Remote/Educational-Consultant--Literacy--Per-Diem---San-Jose--California_JR02595","timestamp":"2024-06-06 16:31:19"}
{"level":"error","message":"\"Error fetching job data\", https://curriculumassociates.wd5.myworkdayjobs.com/wday/cxs/curriculumassociates/external/job/US-CA-Remote/Educational-Consultant--Literacy--Per-Diem---San-Jose--California_JR02595","timestamp":"2024-06-06 16:31:19"}
{"level":"error","message":"'Error fetching single job:' https://curriculumassociates.wd5.myworkdayjobs.com/wday/cxs/curriculumassociates/external/job/US-Remote/Senior-Manager--Web-Experience_JR02856","timestamp":"2024-06-06 16:31:19"}
{"level":"error","message":"\"Error fetching job data\", https://curriculumassociates.wd5.myworkdayjobs.com/wday/cxs/curriculumassociates/external/job/US-Remote/Senior-Manager--Web-Experience_JR02856","timestamp":"2024-06-06 16:31:19"}
{"level":"error","message":"'Error fetching single job:' https://curriculumassociates.wd5.myworkdayjobs.com/wday/cxs/curriculumassociates/external/job/US-Remote/Assessment-Design-Intern_JR02838","timestamp":"2024-06-06 16:31:19"}
{"level":"error","message":"\"Error fetching job data\", https://curriculumassociates.wd5.myworkdayjobs.com/wday/cxs/curriculumassociates/external/job/US-Remote/Assessment-Design-Intern_JR02838","timestamp":"2024-06-06 16:31:19"}
{"level":"error","message":"'Error fetching single job:' https://curriculumassociates.wd5.myworkdayjobs.com/wday/cxs/curriculumassociates/external/job/US-MA-Remote/Associate-Specialist--Engagement-PL-Operations_JR02850","timestamp":"2024-06-06 16:31:19"}
{"level":"error","message":"\"Error fetching job data\", https://curriculumassociates.wd5.myworkdayjobs.com/wday/cxs/curriculumassociates/external/job/US-MA-Remote/Associate-Specialist--Engagement-PL-Operations_JR02850","timestamp":"2024-06-06 16:31:19"}
{"level":"error","message":"'Error fetching single job:' https://curriculumassociates.wd5.myworkdayjobs.com/wday/cxs/curriculumassociates/external/job/US-IL-Remote/Sales-Director_JR02851","timestamp":"2024-06-06 16:31:19"}
{"level":"error","message":"\"Error fetching job data\", https://curriculumassociates.wd5.myworkdayjobs.com/wday/cxs/curriculumassociates/external/job/US-IL-Remote/Sales-Director_JR02851","timestamp":"2024-06-06 16:31:19"}
{"level":"error","message":"'Error fetching single job:' https://curriculumassociates.wd5.myworkdayjobs.com/wday/cxs/curriculumassociates/external/job/US-CA-Remote/Professional-Development-Specialist-Dedicated-LAUSD_JR02746-1","timestamp":"2024-06-06 16:31:19"}
{"level":"error","message":"\"Error fetching job data\", https://curriculumassociates.wd5.myworkdayjobs.com/wday/cxs/curriculumassociates/external/job/US-CA-Remote/Professional-Development-Specialist-Dedicated-LAUSD_JR02746-1","timestamp":"2024-06-06 16:31:19"}
{"level":"error","message":"'Error fetching single job:' https://curriculumassociates.wd5.myworkdayjobs.com/wday/cxs/curriculumassociates/external/job/US-SC-Remote/Professional-Learning-Specialist--Math-----Columbia--South-Carolina_JR02835","timestamp":"2024-06-06 16:31:19"}
{"level":"error","message":"\"Error fetching job data\", https://curriculumassociates.wd5.myworkdayjobs.com/wday/cxs/curriculumassociates/external/job/US-SC-Remote/Professional-Learning-Specialist--Math-----Columbia--South-Carolina_JR02835","timestamp":"2024-06-06 16:31:19"}
{"level":"error","message":"'Error fetching single job:' https://curriculumassociates.wd5.myworkdayjobs.com/wday/cxs/curriculumassociates/external/job/Oklahoma/Educational-Sales-Consultant_JR02828","timestamp":"2024-06-06 16:31:19"}
{"level":"error","message":"\"Error fetching job data\", https://curriculumassociates.wd5.myworkdayjobs.com/wday/cxs/curriculumassociates/external/job/Oklahoma/Educational-Sales-Consultant_JR02828","timestamp":"2024-06-06 16:31:19"}
{"level":"error","message":"'Error fetching single job:' https://curriculumassociates.wd5.myworkdayjobs.com/wday/cxs/curriculumassociates/external/job/US-FL-Remote/Per-Diem---Educational-Consultant---Palm-Beach-County--Florida-_JR02831","timestamp":"2024-06-06 16:31:19"}
{"level":"error","message":"\"Error fetching job data\", https://curriculumassociates.wd5.myworkdayjobs.com/wday/cxs/curriculumassociates/external/job/US-FL-Remote/Per-Diem---Educational-Consultant---Palm-Beach-County--Florida-_JR02831","timestamp":"2024-06-06 16:31:19"}
{"level":"error","message":"'Error fetching single job:' https://curriculumassociates.wd5.myworkdayjobs.com/wday/cxs/curriculumassociates/external/job/US-AZ-Tucson/Educational-Consultant--Math----Per-Diem---Tucson--Arizona_JR02817","timestamp":"2024-06-06 16:31:19"}
{"level":"error","message":"\"Error fetching job data\", https://curriculumassociates.wd5.myworkdayjobs.com/wday/cxs/curriculumassociates/external/job/US-AZ-Tucson/Educational-Consultant--Math----Per-Diem---Tucson--Arizona_JR02817","timestamp":"2024-06-06 16:31:19"}
{"level":"error","message":"'Error fetching single job:' https://curriculumassociates.wd5.myworkdayjobs.com/wday/cxs/curriculumassociates/external/job/US-AR-Remote/Per-Diem-Educational-Consultant-Fayetteville--Arkansas_JR02301","timestamp":"2024-06-06 16:31:19"}
{"level":"error","message":"\"Error fetching job data\", https://curriculumassociates.wd5.myworkdayjobs.com/wday/cxs/curriculumassociates/external/job/US-AR-Remote/Per-Diem-Educational-Consultant-Fayetteville--Arkansas_JR02301","timestamp":"2024-06-06 16:31:19"}
{"level":"error","message":"'Error fetching single job:' https://curriculumassociates.wd5.myworkdayjobs.com/wday/cxs/curriculumassociates/external/job/US-CO-Remote/Educational-Consultant--Kansas---Per-Diem_JR02527","timestamp":"2024-06-06 16:31:19"}
{"level":"error","message":"\"Error fetching job data\", https://curriculumassociates.wd5.myworkdayjobs.com/wday/cxs/curriculumassociates/external/job/US-CO-Remote/Educational-Consultant--Kansas---Per-Diem_JR02527","timestamp":"2024-06-06 16:31:19"}
{"level":"error","message":"'Error fetching single job:' https://curriculumassociates.wd5.myworkdayjobs.com/wday/cxs/curriculumassociates/external/job/Wichita-Kansas/Educational-Consultant--Math----Per-Diem---Wichita--Kansas_JR02764","timestamp":"2024-06-06 16:31:19"}
{"level":"error","message":"\"Error fetching job data\", https://curriculumassociates.wd5.myworkdayjobs.com/wday/cxs/curriculumassociates/external/job/Wichita-Kansas/Educational-Consultant--Math----Per-Diem---Wichita--Kansas_JR02764","timestamp":"2024-06-06 16:31:19"}
{"level":"error","message":"'Error in fetching jobs:', SyntaxError: Unexpected token '<', \"\n\n<!DOCTYPE \"... is not valid JSON","timestamp":"2024-06-06 16:39:44"}
{"level":"error","message":"Error in pushing job data philips to jobPostings array","timestamp":"2024-06-06 16:39:44"}
{"level":"error","message":"'Error fetching single job:' https://curriculumassociates.wd5.myworkdayjobs.com/wday/cxs/curriculumassociates/external/job/McAllen-Texas/Educational-Consultant--Bilingual----Per-Diem---McAllen--Texas_JR02506","timestamp":"2024-06-06 16:59:23"}
{"level":"error","message":"\"Error fetching job data\", https://curriculumassociates.wd5.myworkdayjobs.com/wday/cxs/curriculumassociates/external/job/McAllen-Texas/Educational-Consultant--Bilingual----Per-Diem---McAllen--Texas_JR02506","timestamp":"2024-06-06 16:59:23"}
{"level":"error","message":"'Error fetching single job:' https://curriculumassociates.wd5.myworkdayjobs.com/wday/cxs/curriculumassociates/external/job/US-Remote/Senior-Motion-Designer--FT--Temporary-_JR02830-2","timestamp":"2024-06-06 16:59:23"}
{"level":"error","message":"\"Error fetching job data\", https://curriculumassociates.wd5.myworkdayjobs.com/wday/cxs/curriculumassociates/external/job/US-Remote/Senior-Motion-Designer--FT--Temporary-_JR02830-2","timestamp":"2024-06-06 16:59:23"}
{"level":"error","message":"'Error fetching single job:' https://curriculumassociates.wd5.myworkdayjobs.com/wday/cxs/curriculumassociates/external/job/US-FL-Remote/Professional-Learning-Specialist---Broward-County--Florida_JR02638","timestamp":"2024-06-06 16:59:23"}
{"level":"error","message":"\"Error fetching job data\", https://curriculumassociates.wd5.myworkdayjobs.com/wday/cxs/curriculumassociates/external/job/US-FL-Remote/Professional-Learning-Specialist---Broward-County--Florida_JR02638","timestamp":"2024-06-06 16:59:23"}
{"level":"error","message":"'Error fetching single job:' https://curriculumassociates.wd5.myworkdayjobs.com/wday/cxs/curriculumassociates/external/job/US-NY-Remote/Educational-Consultant--Yonkers--NY---Per-Diem_JR02820","timestamp":"2024-06-06 16:59:23"}
{"level":"error","message":"\"Error fetching job data\", https://curriculumassociates.wd5.myworkdayjobs.com/wday/cxs/curriculumassociates/external/job/US-NY-Remote/Educational-Consultant--Yonkers--NY---Per-Diem_JR02820","timestamp":"2024-06-06 16:59:23"}
{"level":"error","message":"'Error fetching single job:' https://curriculumassociates.wd5.myworkdayjobs.com/wday/cxs/curriculumassociates/external/job/Tacoma-WA/Per-Diem---Sales-Support-Specialist_JR01906","timestamp":"2024-06-06 16:59:23"}
{"level":"error","message":"\"Error fetching job data\", https://curriculumassociates.wd5.myworkdayjobs.com/wday/cxs/curriculumassociates/external/job/Tacoma-WA/Per-Diem---Sales-Support-Specialist_JR01906","timestamp":"2024-06-06 16:59:23"}
{"level":"error","message":"'Error fetching single job:' https://curriculumassociates.wd5.myworkdayjobs.com/wday/cxs/curriculumassociates/external/job/US-CA-Remote/Educational-Consultant--Literacy--Per-Diem---San-Jose--California_JR02595","timestamp":"2024-06-06 16:59:23"}
{"level":"error","message":"\"Error fetching job data\", https://curriculumassociates.wd5.myworkdayjobs.com/wday/cxs/curriculumassociates/external/job/US-CA-Remote/Educational-Consultant--Literacy--Per-Diem---San-Jose--California_JR02595","timestamp":"2024-06-06 16:59:23"}
{"level":"error","message":"'Error fetching single job:' https://curriculumassociates.wd5.myworkdayjobs.com/wday/cxs/curriculumassociates/external/job/US-Remote/Senior-Manager--Web-Experience_JR02856","timestamp":"2024-06-06 16:59:23"}
{"level":"error","message":"\"Error fetching job data\", https://curriculumassociates.wd5.myworkdayjobs.com/wday/cxs/curriculumassociates/external/job/US-Remote/Senior-Manager--Web-Experience_JR02856","timestamp":"2024-06-06 16:59:23"}
{"level":"error","message":"'Error fetching single job:' https://curriculumassociates.wd5.myworkdayjobs.com/wday/cxs/curriculumassociates/external/job/US-Remote/Assessment-Design-Intern_JR02838","timestamp":"2024-06-06 16:59:23"}
{"level":"error","message":"\"Error fetching job data\", https://curriculumassociates.wd5.myworkdayjobs.com/wday/cxs/curriculumassociates/external/job/US-Remote/Assessment-Design-Intern_JR02838","timestamp":"2024-06-06 16:59:23"}
{"level":"error","message":"'Error fetching single job:' https://curriculumassociates.wd5.myworkdayjobs.com/wday/cxs/curriculumassociates/external/job/US-MA-Remote/Associate-Specialist--Engagement-PL-Operations_JR02850","timestamp":"2024-06-06 16:59:23"}
{"level":"error","message":"\"Error fetching job data\", https://curriculumassociates.wd5.myworkdayjobs.com/wday/cxs/curriculumassociates/external/job/US-MA-Remote/Associate-Specialist--Engagement-PL-Operations_JR02850","timestamp":"2024-06-06 16:59:23"}
{"level":"error","message":"'Error fetching single job:' https://curriculumassociates.wd5.myworkdayjobs.com/wday/cxs/curriculumassociates/external/job/US-IL-Remote/Sales-Director_JR02851","timestamp":"2024-06-06 16:59:23"}
{"level":"error","message":"\"Error fetching job data\", https://curriculumassociates.wd5.myworkdayjobs.com/wday/cxs/curriculumassociates/external/job/US-IL-Remote/Sales-Director_JR02851","timestamp":"2024-06-06 16:59:23"}
{"level":"error","message":"'Error fetching single job:' https://curriculumassociates.wd5.myworkdayjobs.com/wday/cxs/curriculumassociates/external/job/US-CA-Remote/Professional-Development-Specialist-Dedicated-LAUSD_JR02746-1","timestamp":"2024-06-06 16:59:23"}
{"level":"error","message":"\"Error fetching job data\", https://curriculumassociates.wd5.myworkdayjobs.com/wday/cxs/curriculumassociates/external/job/US-CA-Remote/Professional-Development-Specialist-Dedicated-LAUSD_JR02746-1","timestamp":"2024-06-06 16:59:23"}
{"level":"error","message":"'Error fetching single job:' https://curriculumassociates.wd5.myworkdayjobs.com/wday/cxs/curriculumassociates/external/job/US-SC-Remote/Professional-Learning-Specialist--Math-----Columbia--South-Carolina_JR02835","timestamp":"2024-06-06 16:59:23"}
{"level":"error","message":"\"Error fetching job data\", https://curriculumassociates.wd5.myworkdayjobs.com/wday/cxs/curriculumassociates/external/job/US-SC-Remote/Professional-Learning-Specialist--Math-----Columbia--South-Carolina_JR02835","timestamp":"2024-06-06 16:59:23"}
{"level":"error","message":"'Error fetching single job:' https://curriculumassociates.wd5.myworkdayjobs.com/wday/cxs/curriculumassociates/external/job/Oklahoma/Educational-Sales-Consultant_JR02828","timestamp":"2024-06-06 16:59:23"}
{"level":"error","message":"\"Error fetching job data\", https://curriculumassociates.wd5.myworkdayjobs.com/wday/cxs/curriculumassociates/external/job/Oklahoma/Educational-Sales-Consultant_JR02828","timestamp":"2024-06-06 16:59:23"}
{"level":"error","message":"'Error fetching single job:' https://curriculumassociates.wd5.myworkdayjobs.com/wday/cxs/curriculumassociates/external/job/US-FL-Remote/Per-Diem---Educational-Consultant---Palm-Beach-County--Florida-_JR02831","timestamp":"2024-06-06 16:59:23"}
{"level":"error","message":"\"Error fetching job data\", https://curriculumassociates.wd5.myworkdayjobs.com/wday/cxs/curriculumassociates/external/job/US-FL-Remote/Per-Diem---Educational-Consultant---Palm-Beach-County--Florida-_JR02831","timestamp":"2024-06-06 16:59:23"}
{"level":"error","message":"'Error fetching single job:' https://curriculumassociates.wd5.myworkdayjobs.com/wday/cxs/curriculumassociates/external/job/US-AZ-Tucson/Educational-Consultant--Math----Per-Diem---Tucson--Arizona_JR02817","timestamp":"2024-06-06 16:59:23"}
{"level":"error","message":"\"Error fetching job data\", https://curriculumassociates.wd5.myworkdayjobs.com/wday/cxs/curriculumassociates/external/job/US-AZ-Tucson/Educational-Consultant--Math----Per-Diem---Tucson--Arizona_JR02817","timestamp":"2024-06-06 16:59:23"}
{"level":"error","message":"'Error fetching single job:' https://curriculumassociates.wd5.myworkdayjobs.com/wday/cxs/curriculumassociates/external/job/US-AR-Remote/Per-Diem-Educational-Consultant-Fayetteville--Arkansas_JR02301","timestamp":"2024-06-06 16:59:23"}
{"level":"error","message":"\"Error fetching job data\", https://curriculumassociates.wd5.myworkdayjobs.com/wday/cxs/curriculumassociates/external/job/US-AR-Remote/Per-Diem-Educational-Consultant-Fayetteville--Arkansas_JR02301","timestamp":"2024-06-06 16:59:23"}
{"level":"error","message":"'Error fetching single job:' https://curriculumassociates.wd5.myworkdayjobs.com/wday/cxs/curriculumassociates/external/job/US-CO-Remote/Educational-Consultant--Kansas---Per-Diem_JR02527","timestamp":"2024-06-06 16:59:23"}
{"level":"error","message":"\"Error fetching job data\", https://curriculumassociates.wd5.myworkdayjobs.com/wday/cxs/curriculumassociates/external/job/US-CO-Remote/Educational-Consultant--Kansas---Per-Diem_JR02527","timestamp":"2024-06-06 16:59:23"}
{"level":"error","message":"'Error fetching single job:' https://curriculumassociates.wd5.myworkdayjobs.com/wday/cxs/curriculumassociates/external/job/Wichita-Kansas/Educational-Consultant--Math----Per-Diem---Wichita--Kansas_JR02764","timestamp":"2024-06-06 16:59:23"}
{"level":"error","message":"\"Error fetching job data\", https://curriculumassociates.wd5.myworkdayjobs.com/wday/cxs/curriculumassociates/external/job/Wichita-Kansas/Educational-Consultant--Math----Per-Diem---Wichita--Kansas_JR02764","timestamp":"2024-06-06 16:59:23"}
{"level":"error","message":"'Error fetching single job:' https://curriculumassociates.wd5.myworkdayjobs.com/wday/cxs/curriculumassociates/external/job/Columbus-Ohio/Sales-Support-Specialist_JR02673","timestamp":"2024-06-06 16:59:23"}
{"level":"error","message":"\"Error fetching job data\", https://curriculumassociates.wd5.myworkdayjobs.com/wday/cxs/curriculumassociates/external/job/Columbus-Ohio/Sales-Support-Specialist_JR02673","timestamp":"2024-06-06 16:59:23"}
{"level":"error","message":"'Error fetching single job:' https://curriculumassociates.wd5.myworkdayjobs.com/wday/cxs/curriculumassociates/external/job/US-UT-Remote/Educational-Consultant---Per-Diem---Salt-Lake-City--Utah_JR02526","timestamp":"2024-06-06 16:59:23"}
{"level":"error","message":"\"Error fetching job data\", https://curriculumassociates.wd5.myworkdayjobs.com/wday/cxs/curriculumassociates/external/job/US-UT-Remote/Educational-Consultant---Per-Diem---Salt-Lake-City--Utah_JR02526","timestamp":"2024-06-06 16:59:23"}
{"level":"error","message":"'Error fetching single job:' https://curriculumassociates.wd5.myworkdayjobs.com/wday/cxs/curriculumassociates/external/job/McAllen-Texas/Educational-Consultant--Bilingual----Per-Diem---McAllen--Texas_JR02506","timestamp":"2024-06-06 16:59:23"}
{"level":"error","message":"\"Error fetching job data\", https://curriculumassociates.wd5.myworkdayjobs.com/wday/cxs/curriculumassociates/external/job/McAllen-Texas/Educational-Consultant--Bilingual----Per-Diem---McAllen--Texas_JR02506","timestamp":"2024-06-06 16:59:23"}
{"level":"error","message":"'Error fetching single job:' https://curriculumassociates.wd5.myworkdayjobs.com/wday/cxs/curriculumassociates/external/job/US-Remote/Senior-Motion-Designer--FT--Temporary-_JR02830-2","timestamp":"2024-06-06 16:59:23"}
{"level":"error","message":"\"Error fetching job data\", https://curriculumassociates.wd5.myworkdayjobs.com/wday/cxs/curriculumassociates/external/job/US-Remote/Senior-Motion-Designer--FT--Temporary-_JR02830-2","timestamp":"2024-06-06 16:59:23"}
{"level":"error","message":"'Error fetching single job:' https://curriculumassociates.wd5.myworkdayjobs.com/wday/cxs/curriculumassociates/external/job/US-FL-Remote/Professional-Learning-Specialist---Broward-County--Florida_JR02638","timestamp":"2024-06-06 16:59:23"}
{"level":"error","message":"\"Error fetching job data\", https://curriculumassociates.wd5.myworkdayjobs.com/wday/cxs/curriculumassociates/external/job/US-FL-Remote/Professional-Learning-Specialist---Broward-County--Florida_JR02638","timestamp":"2024-06-06 16:59:23"}
{"level":"error","message":"'Error fetching single job:' https://curriculumassociates.wd5.myworkdayjobs.com/wday/cxs/curriculumassociates/external/job/US-NY-Remote/Educational-Consultant--Yonkers--NY---Per-Diem_JR02820","timestamp":"2024-06-06 16:59:23"}
{"level":"error","message":"\"Error fetching job data\", https://curriculumassociates.wd5.myworkdayjobs.com/wday/cxs/curriculumassociates/external/job/US-NY-Remote/Educational-Consultant--Yonkers--NY---Per-Diem_JR02820","timestamp":"2024-06-06 16:59:23"}
{"level":"error","message":"'Error fetching single job:' https://curriculumassociates.wd5.myworkdayjobs.com/wday/cxs/curriculumassociates/external/job/Tacoma-WA/Per-Diem---Sales-Support-Specialist_JR01906","timestamp":"2024-06-06 16:59:23"}
{"level":"error","message":"\"Error fetching job data\", https://curriculumassociates.wd5.myworkdayjobs.com/wday/cxs/curriculumassociates/external/job/Tacoma-WA/Per-Diem---Sales-Support-Specialist_JR01906","timestamp":"2024-06-06 16:59:23"}
{"level":"error","message":"'Error fetching single job:' https://curriculumassociates.wd5.myworkdayjobs.com/wday/cxs/curriculumassociates/external/job/US-CA-Remote/Educational-Consultant--Literacy--Per-Diem---San-Jose--California_JR02595","timestamp":"2024-06-06 16:59:23"}
{"level":"error","message":"\"Error fetching job data\", https://curriculumassociates.wd5.myworkdayjobs.com/wday/cxs/curriculumassociates/external/job/US-CA-Remote/Educational-Consultant--Literacy--Per-Diem---San-Jose--California_JR02595","timestamp":"2024-06-06 16:59:23"}
{"level":"error","message":"'Error fetching single job:' https://curriculumassociates.wd5.myworkdayjobs.com/wday/cxs/curriculumassociates/external/job/US-Remote/Senior-Manager--Web-Experience_JR02856","timestamp":"2024-06-06 16:59:23"}
{"level":"error","message":"\"Error fetching job data\", https://curriculumassociates.wd5.myworkdayjobs.com/wday/cxs/curriculumassociates/external/job/US-Remote/Senior-Manager--Web-Experience_JR02856","timestamp":"2024-06-06 16:59:23"}
{"level":"error","message":"'Error fetching single job:' https://curriculumassociates.wd5.myworkdayjobs.com/wday/cxs/curriculumassociates/external/job/US-MA-Remote/Associate-Specialist--Engagement-PL-Operations_JR02850","timestamp":"2024-06-06 16:59:23"}
{"level":"error","message":"\"Error fetching job data\", https://curriculumassociates.wd5.myworkdayjobs.com/wday/cxs/curriculumassociates/external/job/US-MA-Remote/Associate-Specialist--Engagement-PL-Operations_JR02850","timestamp":"2024-06-06 16:59:23"}
{"level":"error","message":"'Error fetching single job:' https://curriculumassociates.wd5.myworkdayjobs.com/wday/cxs/curriculumassociates/external/job/US-Remote/Assessment-Design-Intern_JR02838","timestamp":"2024-06-06 16:59:23"}
{"level":"error","message":"\"Error fetching job data\", https://curriculumassociates.wd5.myworkdayjobs.com/wday/cxs/curriculumassociates/external/job/US-Remote/Assessment-Design-Intern_JR02838","timestamp":"2024-06-06 16:59:23"}
{"level":"error","message":"'Error fetching single job:' https://curriculumassociates.wd5.myworkdayjobs.com/wday/cxs/curriculumassociates/external/job/US-IL-Remote/Sales-Director_JR02851","timestamp":"2024-06-06 16:59:23"}
{"level":"error","message":"\"Error fetching job data\", https://curriculumassociates.wd5.myworkdayjobs.com/wday/cxs/curriculumassociates/external/job/US-IL-Remote/Sales-Director_JR02851","timestamp":"2024-06-06 16:59:23"}
{"level":"error","message":"'Error fetching single job:' https://curriculumassociates.wd5.myworkdayjobs.com/wday/cxs/curriculumassociates/external/job/US-CA-Remote/Professional-Development-Specialist-Dedicated-LAUSD_JR02746-1","timestamp":"2024-06-06 16:59:23"}
{"level":"error","message":"\"Error fetching job data\", https://curriculumassociates.wd5.myworkdayjobs.com/wday/cxs/curriculumassociates/external/job/US-CA-Remote/Professional-Development-Specialist-Dedicated-LAUSD_JR02746-1","timestamp":"2024-06-06 16:59:23"}
{"level":"error","message":"'Error fetching single job:' https://curriculumassociates.wd5.myworkdayjobs.com/wday/cxs/curriculumassociates/external/job/US-SC-Remote/Professional-Learning-Specialist--Math-----Columbia--South-Carolina_JR02835","timestamp":"2024-06-06 16:59:23"}
{"level":"error","message":"\"Error fetching job data\", https://curriculumassociates.wd5.myworkdayjobs.com/wday/cxs/curriculumassociates/external/job/US-SC-Remote/Professional-Learning-Specialist--Math-----Columbia--South-Carolina_JR02835","timestamp":"2024-06-06 16:59:23"}
{"level":"error","message":"'Error fetching single job:' https://curriculumassociates.wd5.myworkdayjobs.com/wday/cxs/curriculumassociates/external/job/Oklahoma/Educational-Sales-Consultant_JR02828","timestamp":"2024-06-06 16:59:23"}
{"level":"error","message":"\"Error fetching job data\", https://curriculumassociates.wd5.myworkdayjobs.com/wday/cxs/curriculumassociates/external/job/Oklahoma/Educational-Sales-Consultant_JR02828","timestamp":"2024-06-06 16:59:23"}
{"level":"error","message":"'Error fetching single job:' https://curriculumassociates.wd5.myworkdayjobs.com/wday/cxs/curriculumassociates/external/job/US-FL-Remote/Per-Diem---Educational-Consultant---Palm-Beach-County--Florida-_JR02831","timestamp":"2024-06-06 16:59:23"}
{"level":"error","message":"\"Error fetching job data\", https://curriculumassociates.wd5.myworkdayjobs.com/wday/cxs/curriculumassociates/external/job/US-FL-Remote/Per-Diem---Educational-Consultant---Palm-Beach-County--Florida-_JR02831","timestamp":"2024-06-06 16:59:23"}
{"level":"error","message":"'Error fetching single job:' https://curriculumassociates.wd5.myworkdayjobs.com/wday/cxs/curriculumassociates/external/job/US-AZ-Tucson/Educational-Consultant--Math----Per-Diem---Tucson--Arizona_JR02817","timestamp":"2024-06-06 16:59:23"}
{"level":"error","message":"\"Error fetching job data\", https://curriculumassociates.wd5.myworkdayjobs.com/wday/cxs/curriculumassociates/external/job/US-AZ-Tucson/Educational-Consultant--Math----Per-Diem---Tucson--Arizona_JR02817","timestamp":"2024-06-06 16:59:23"}
{"level":"error","message":"'Error fetching single job:' https://curriculumassociates.wd5.myworkdayjobs.com/wday/cxs/curriculumassociates/external/job/US-AR-Remote/Per-Diem-Educational-Consultant-Fayetteville--Arkansas_JR02301","timestamp":"2024-06-06 16:59:23"}
{"level":"error","message":"\"Error fetching job data\", https://curriculumassociates.wd5.myworkdayjobs.com/wday/cxs/curriculumassociates/external/job/US-AR-Remote/Per-Diem-Educational-Consultant-Fayetteville--Arkansas_JR02301","timestamp":"2024-06-06 16:59:23"}
{"level":"error","message":"'Error fetching single job:' https://curriculumassociates.wd5.myworkdayjobs.com/wday/cxs/curriculumassociates/external/job/US-CO-Remote/Educational-Consultant--Kansas---Per-Diem_JR02527","timestamp":"2024-06-06 16:59:23"}
{"level":"error","message":"\"Error fetching job data\", https://curriculumassociates.wd5.myworkdayjobs.com/wday/cxs/curriculumassociates/external/job/US-CO-Remote/Educational-Consultant--Kansas---Per-Diem_JR02527","timestamp":"2024-06-06 16:59:23"}
{"level":"error","message":"'Error fetching single job:' https://curriculumassociates.wd5.myworkdayjobs.com/wday/cxs/curriculumassociates/external/job/Wichita-Kansas/Educational-Consultant--Math----Per-Diem---Wichita--Kansas_JR02764","timestamp":"2024-06-06 16:59:23"}
{"level":"error","message":"\"Error fetching job data\", https://curriculumassociates.wd5.myworkdayjobs.com/wday/cxs/curriculumassociates/external/job/Wichita-Kansas/Educational-Consultant--Math----Per-Diem---Wichita--Kansas_JR02764","timestamp":"2024-06-06 16:59:23"}
{"level":"error","message":"'Error fetching single job:' https://curriculumassociates.wd5.myworkdayjobs.com/wday/cxs/curriculumassociates/external/job/Columbus-Ohio/Sales-Support-Specialist_JR02673","timestamp":"2024-06-06 16:59:23"}
{"level":"error","message":"\"Error fetching job data\", https://curriculumassociates.wd5.myworkdayjobs.com/wday/cxs/curriculumassociates/external/job/Columbus-Ohio/Sales-Support-Specialist_JR02673","timestamp":"2024-06-06 16:59:23"}
{"level":"error","message":"'Error fetching single job:' https://curriculumassociates.wd5.myworkdayjobs.com/wday/cxs/curriculumassociates/external/job/US-UT-Remote/Educational-Consultant---Per-Diem---Salt-Lake-City--Utah_JR02526","timestamp":"2024-06-06 16:59:23"}
{"level":"error","message":"\"Error fetching job data\", https://curriculumassociates.wd5.myworkdayjobs.com/wday/cxs/curriculumassociates/external/job/US-UT-Remote/Educational-Consultant---Per-Diem---Salt-Lake-City--Utah_JR02526","timestamp":"2024-06-06 16:59:23"}
{"level":"error","message":"'Error fetching single job:' https://curriculumassociates.wd5.myworkdayjobs.com/wday/cxs/curriculumassociates/external/job/McAllen-Texas/Educational-Consultant--Bilingual----Per-Diem---McAllen--Texas_JR02506","timestamp":"2024-06-06 16:59:23"}
{"level":"error","message":"\"Error fetching job data\", https://curriculumassociates.wd5.myworkdayjobs.com/wday/cxs/curriculumassociates/external/job/McAllen-Texas/Educational-Consultant--Bilingual----Per-Diem---McAllen--Texas_JR02506","timestamp":"2024-06-06 16:59:23"}
{"level":"error","message":"'Error fetching single job:' https://curriculumassociates.wd5.myworkdayjobs.com/wday/cxs/curriculumassociates/external/job/US-Remote/Senior-Motion-Designer--FT--Temporary-_JR02830-2","timestamp":"2024-06-06 16:59:23"}
{"level":"error","message":"\"Error fetching job data\", https://curriculumassociates.wd5.myworkdayjobs.com/wday/cxs/curriculumassociates/external/job/US-Remote/Senior-Motion-Designer--FT--Temporary-_JR02830-2","timestamp":"2024-06-06 16:59:23"}
{"level":"error","message":"'Error fetching single job:' https://curriculumassociates.wd5.myworkdayjobs.com/wday/cxs/curriculumassociates/external/job/US-FL-Remote/Professional-Learning-Specialist---Broward-County--Florida_JR02638","timestamp":"2024-06-06 16:59:23"}
{"level":"error","message":"\"Error fetching job data\", https://curriculumassociates.wd5.myworkdayjobs.com/wday/cxs/curriculumassociates/external/job/US-FL-Remote/Professional-Learning-Specialist---Broward-County--Florida_JR02638","timestamp":"2024-06-06 16:59:23"}
{"level":"error","message":"'Error fetching single job:' https://curriculumassociates.wd5.myworkdayjobs.com/wday/cxs/curriculumassociates/external/job/US-NY-Remote/Educational-Consultant--Yonkers--NY---Per-Diem_JR02820","timestamp":"2024-06-06 16:59:23"}
{"level":"error","message":"\"Error fetching job data\", https://curriculumassociates.wd5.myworkdayjobs.com/wday/cxs/curriculumassociates/external/job/US-NY-Remote/Educational-Consultant--Yonkers--NY---Per-Diem_JR02820","timestamp":"2024-06-06 16:59:23"}
{"level":"error","message":"'Error fetching single job:' https://curriculumassociates.wd5.myworkdayjobs.com/wday/cxs/curriculumassociates/external/job/Tacoma-WA/Per-Diem---Sales-Support-Specialist_JR01906","timestamp":"2024-06-06 16:59:23"}
{"level":"error","message":"\"Error fetching job data\", https://curriculumassociates.wd5.myworkdayjobs.com/wday/cxs/curriculumassociates/external/job/Tacoma-WA/Per-Diem---Sales-Support-Specialist_JR01906","timestamp":"2024-06-06 16:59:23"}
{"level":"error","message":"'Error fetching single job:' https://curriculumassociates.wd5.myworkdayjobs.com/wday/cxs/curriculumassociates/external/job/US-CA-Remote/Educational-Consultant--Literacy--Per-Diem---San-Jose--California_JR02595","timestamp":"2024-06-06 16:59:23"}
{"level":"error","message":"\"Error fetching job data\", https://curriculumassociates.wd5.myworkdayjobs.com/wday/cxs/curriculumassociates/external/job/US-CA-Remote/Educational-Consultant--Literacy--Per-Diem---San-Jose--California_JR02595","timestamp":"2024-06-06 16:59:23"}
{"level":"error","message":"'Error fetching single job:' https://curriculumassociates.wd5.myworkdayjobs.com/wday/cxs/curriculumassociates/external/job/US-Remote/Senior-Manager--Web-Experience_JR02856","timestamp":"2024-06-06 16:59:23"}
{"level":"error","message":"\"Error fetching job data\", https://curriculumassociates.wd5.myworkdayjobs.com/wday/cxs/curriculumassociates/external/job/US-Remote/Senior-Manager--Web-Experience_JR02856","timestamp":"2024-06-06 16:59:23"}
{"level":"error","message":"'Error fetching single job:' https://curriculumassociates.wd5.myworkdayjobs.com/wday/cxs/curriculumassociates/external/job/US-Remote/Assessment-Design-Intern_JR02838","timestamp":"2024-06-06 16:59:23"}
{"level":"error","message":"\"Error fetching job data\", https://curriculumassociates.wd5.myworkdayjobs.com/wday/cxs/curriculumassociates/external/job/US-Remote/Assessment-Design-Intern_JR02838","timestamp":"2024-06-06 16:59:23"}
{"level":"error","message":"'Error fetching single job:' https://curriculumassociates.wd5.myworkdayjobs.com/wday/cxs/curriculumassociates/external/job/US-MA-Remote/Associate-Specialist--Engagement-PL-Operations_JR02850","timestamp":"2024-06-06 16:59:23"}
{"level":"error","message":"\"Error fetching job data\", https://curriculumassociates.wd5.myworkdayjobs.com/wday/cxs/curriculumassociates/external/job/US-MA-Remote/Associate-Specialist--Engagement-PL-Operations_JR02850","timestamp":"2024-06-06 16:59:23"}
{"level":"error","message":"'Error fetching single job:' https://curriculumassociates.wd5.myworkdayjobs.com/wday/cxs/curriculumassociates/external/job/US-IL-Remote/Sales-Director_JR02851","timestamp":"2024-06-06 16:59:23"}
{"level":"error","message":"\"Error fetching job data\", https://curriculumassociates.wd5.myworkdayjobs.com/wday/cxs/curriculumassociates/external/job/US-IL-Remote/Sales-Director_JR02851","timestamp":"2024-06-06 16:59:23"}
{"level":"error","message":"'Error fetching single job:' https://curriculumassociates.wd5.myworkdayjobs.com/wday/cxs/curriculumassociates/external/job/US-CA-Remote/Professional-Development-Specialist-Dedicated-LAUSD_JR02746-1","timestamp":"2024-06-06 16:59:23"}
{"level":"error","message":"\"Error fetching job data\", https://curriculumassociates.wd5.myworkdayjobs.com/wday/cxs/curriculumassociates/external/job/US-CA-Remote/Professional-Development-Specialist-Dedicated-LAUSD_JR02746-1","timestamp":"2024-06-06 16:59:23"}
{"level":"error","message":"'Error fetching single job:' https://curriculumassociates.wd5.myworkdayjobs.com/wday/cxs/curriculumassociates/external/job/US-SC-Remote/Professional-Learning-Specialist--Math-----Columbia--South-Carolina_JR02835","timestamp":"2024-06-06 16:59:23"}
{"level":"error","message":"\"Error fetching job data\", https://curriculumassociates.wd5.myworkdayjobs.com/wday/cxs/curriculumassociates/external/job/US-SC-Remote/Professional-Learning-Specialist--Math-----Columbia--South-Carolina_JR02835","timestamp":"2024-06-06 16:59:23"}
{"level":"error","message":"'Error fetching single job:' https://curriculumassociates.wd5.myworkdayjobs.com/wday/cxs/curriculumassociates/external/job/Oklahoma/Educational-Sales-Consultant_JR02828","timestamp":"2024-06-06 16:59:23"}
{"level":"error","message":"\"Error fetching job data\", https://curriculumassociates.wd5.myworkdayjobs.com/wday/cxs/curriculumassociates/external/job/Oklahoma/Educational-Sales-Consultant_JR02828","timestamp":"2024-06-06 16:59:23"}
{"level":"error","message":"'Error fetching single job:' https://curriculumassociates.wd5.myworkdayjobs.com/wday/cxs/curriculumassociates/external/job/US-FL-Remote/Per-Diem---Educational-Consultant---Palm-Beach-County--Florida-_JR02831","timestamp":"2024-06-06 16:59:23"}
{"level":"error","message":"\"Error fetching job data\", https://curriculumassociates.wd5.myworkdayjobs.com/wday/cxs/curriculumassociates/external/job/US-FL-Remote/Per-Diem---Educational-Consultant---Palm-Beach-County--Florida-_JR02831","timestamp":"2024-06-06 16:59:23"}
{"level":"error","message":"'Error fetching single job:' https://curriculumassociates.wd5.myworkdayjobs.com/wday/cxs/curriculumassociates/external/job/US-AZ-Tucson/Educational-Consultant--Math----Per-Diem---Tucson--Arizona_JR02817","timestamp":"2024-06-06 16:59:23"}
{"level":"error","message":"\"Error fetching job data\", https://curriculumassociates.wd5.myworkdayjobs.com/wday/cxs/curriculumassociates/external/job/US-AZ-Tucson/Educational-Consultant--Math----Per-Diem---Tucson--Arizona_JR02817","timestamp":"2024-06-06 16:59:23"}
{"level":"error","message":"'Error fetching single job:' https://curriculumassociates.wd5.myworkdayjobs.com/wday/cxs/curriculumassociates/external/job/US-AR-Remote/Per-Diem-Educational-Consultant-Fayetteville--Arkansas_JR02301","timestamp":"2024-06-06 16:59:23"}
{"level":"error","message":"\"Error fetching job data\", https://curriculumassociates.wd5.myworkdayjobs.com/wday/cxs/curriculumassociates/external/job/US-AR-Remote/Per-Diem-Educational-Consultant-Fayetteville--Arkansas_JR02301","timestamp":"2024-06-06 16:59:23"}
{"level":"error","message":"'Error fetching single job:' https://curriculumassociates.wd5.myworkdayjobs.com/wday/cxs/curriculumassociates/external/job/US-CO-Remote/Educational-Consultant--Kansas---Per-Diem_JR02527","timestamp":"2024-06-06 16:59:23"}
{"level":"error","message":"\"Error fetching job data\", https://curriculumassociates.wd5.myworkdayjobs.com/wday/cxs/curriculumassociates/external/job/US-CO-Remote/Educational-Consultant--Kansas---Per-Diem_JR02527","timestamp":"2024-06-06 16:59:23"}
{"level":"error","message":"'Error fetching single job:' https://curriculumassociates.wd5.myworkdayjobs.com/wday/cxs/curriculumassociates/external/job/Wichita-Kansas/Educational-Consultant--Math----Per-Diem---Wichita--Kansas_JR02764","timestamp":"2024-06-06 16:59:23"}
{"level":"error","message":"\"Error fetching job data\", https://curriculumassociates.wd5.myworkdayjobs.com/wday/cxs/curriculumassociates/external/job/Wichita-Kansas/Educational-Consultant--Math----Per-Diem---Wichita--Kansas_JR02764","timestamp":"2024-06-06 16:59:23"}
{"level":"error","message":"'Error fetching single job:' https://curriculumassociates.wd5.myworkdayjobs.com/wday/cxs/curriculumassociates/external/job/Columbus-Ohio/Sales-Support-Specialist_JR02673","timestamp":"2024-06-06 16:59:23"}
{"level":"error","message":"\"Error fetching job data\", https://curriculumassociates.wd5.myworkdayjobs.com/wday/cxs/curriculumassociates/external/job/Columbus-Ohio/Sales-Support-Specialist_JR02673","timestamp":"2024-06-06 16:59:23"}
{"level":"error","message":"'Error fetching single job:' https://curriculumassociates.wd5.myworkdayjobs.com/wday/cxs/curriculumassociates/external/job/US-UT-Remote/Educational-Consultant---Per-Diem---Salt-Lake-City--Utah_JR02526","timestamp":"2024-06-06 16:59:23"}
{"level":"error","message":"\"Error fetching job data\", https://curriculumassociates.wd5.myworkdayjobs.com/wday/cxs/curriculumassociates/external/job/US-UT-Remote/Educational-Consultant---Per-Diem---Salt-Lake-City--Utah_JR02526","timestamp":"2024-06-06 16:59:23"}
{"level":"error","message":"'Error fetching single job:' https://curriculumassociates.wd5.myworkdayjobs.com/wday/cxs/curriculumassociates/external/job/McAllen-Texas/Educational-Consultant--Bilingual----Per-Diem---McAllen--Texas_JR02506","timestamp":"2024-06-06 16:59:23"}
{"level":"error","message":"\"Error fetching job data\", https://curriculumassociates.wd5.myworkdayjobs.com/wday/cxs/curriculumassociates/external/job/McAllen-Texas/Educational-Consultant--Bilingual----Per-Diem---McAllen--Texas_JR02506","timestamp":"2024-06-06 16:59:23"}
{"level":"error","message":"'Error fetching single job:' https://curriculumassociates.wd5.myworkdayjobs.com/wday/cxs/curriculumassociates/external/job/US-Remote/Senior-Motion-Designer--FT--Temporary-_JR02830-2","timestamp":"2024-06-06 16:59:23"}
{"level":"error","message":"\"Error fetching job data\", https://curriculumassociates.wd5.myworkdayjobs.com/wday/cxs/curriculumassociates/external/job/US-Remote/Senior-Motion-Designer--FT--Temporary-_JR02830-2","timestamp":"2024-06-06 16:59:23"}
{"level":"error","message":"'Error fetching single job:' https://curriculumassociates.wd5.myworkdayjobs.com/wday/cxs/curriculumassociates/external/job/US-FL-Remote/Professional-Learning-Specialist---Broward-County--Florida_JR02638","timestamp":"2024-06-06 16:59:23"}
{"level":"error","message":"\"Error fetching job data\", https://curriculumassociates.wd5.myworkdayjobs.com/wday/cxs/curriculumassociates/external/job/US-FL-Remote/Professional-Learning-Specialist---Broward-County--Florida_JR02638","timestamp":"2024-06-06 16:59:23"}
{"level":"error","message":"'Error fetching single job:' https://curriculumassociates.wd5.myworkdayjobs.com/wday/cxs/curriculumassociates/external/job/US-NY-Remote/Educational-Consultant--Yonkers--NY---Per-Diem_JR02820","timestamp":"2024-06-06 16:59:23"}
{"level":"error","message":"\"Error fetching job data\", https://curriculumassociates.wd5.myworkdayjobs.com/wday/cxs/curriculumassociates/external/job/US-NY-Remote/Educational-Consultant--Yonkers--NY---Per-Diem_JR02820","timestamp":"2024-06-06 16:59:23"}
{"level":"error","message":"'Error fetching single job:' https://curriculumassociates.wd5.myworkdayjobs.com/wday/cxs/curriculumassociates/external/job/Tacoma-WA/Per-Diem---Sales-Support-Specialist_JR01906","timestamp":"2024-06-06 16:59:23"}
{"level":"error","message":"\"Error fetching job data\", https://curriculumassociates.wd5.myworkdayjobs.com/wday/cxs/curriculumassociates/external/job/Tacoma-WA/Per-Diem---Sales-Support-Specialist_JR01906","timestamp":"2024-06-06 16:59:23"}
{"level":"error","message":"'Error in fetching jobs:', SyntaxError: Unexpected token '<', \"\n\n<!DOCTYPE \"... is not valid JSON","timestamp":"2024-06-06 17:24:41"}
{"level":"error","message":"Error in pushing job data pwc to jobPostings array","timestamp":"2024-06-06 17:24:41"}
{"level":"error","message":"'Error in fetching jobs:', SyntaxError: Unexpected token '<', \"\n\n<!DOCTYPE \"... is not valid JSON","timestamp":"2024-06-06 17:25:04"}
{"level":"error","message":"Error in pushing job data pwc to jobPostings array","timestamp":"2024-06-06 17:25:04"}
{"level":"error","message":"Error in pushing job data shell to jobPostings array","timestamp":"2024-06-06 17:26:35"}
{"level":"error","message":"'Error fetching single job:' https://plugpower.wd5.myworkdayjobs.com/wday/cxs/plugpower/plug_power_inc/job/Remote-US-Wisconsin/Field-Service-Technician---Amazon-HMW3---Kenosha--WI_R5811","timestamp":"2024-06-06 17:29:34"}
{"level":"error","message":"\"Error fetching job data\", https://plugpower.wd5.myworkdayjobs.com/wday/cxs/plugpower/plug_power_inc/job/Remote-US-Wisconsin/Field-Service-Technician---Amazon-HMW3---Kenosha--WI_R5811","timestamp":"2024-06-06 17:29:34"}
{"level":"error","message":"'Error fetching single job:' https://troweprice.wd5.myworkdayjobs.com/wday/cxs/troweprice/troweprice/job/Owings-Mills-MD/Full-Stack-Software-Engineer--AEM-_71861","timestamp":"2024-06-06 17:29:34"}
{"level":"error","message":"\"Error fetching job data\", https://troweprice.wd5.myworkdayjobs.com/wday/cxs/troweprice/troweprice/job/Owings-Mills-MD/Full-Stack-Software-Engineer--AEM-_71861","timestamp":"2024-06-06 17:29:34"}
{"level":"error","message":"'Error fetching single job:' https://creditacceptance.wd5.myworkdayjobs.com/wday/cxs/creditacceptance/credit_acceptance/job/Arizona--Remote/Customer-Service-Representative_R11319","timestamp":"2024-06-06 17:29:34"}
{"level":"error","message":"\"Error fetching job data\", https://creditacceptance.wd5.myworkdayjobs.com/wday/cxs/creditacceptance/credit_acceptance/job/Arizona--Remote/Customer-Service-Representative_R11319","timestamp":"2024-06-06 17:29:34"}
{"level":"error","message":"'Error fetching single job:' https://creditacceptance.wd5.myworkdayjobs.com/wday/cxs/creditacceptance/credit_acceptance/job/USA--Remote/Senior-DevEx-Engineer_R11328","timestamp":"2024-06-06 17:29:34"}
{"level":"error","message":"\"Error fetching job data\", https://creditacceptance.wd5.myworkdayjobs.com/wday/cxs/creditacceptance/credit_acceptance/job/USA--Remote/Senior-DevEx-Engineer_R11328","timestamp":"2024-06-06 17:29:34"}
{"level":"error","message":"'Error fetching single job:' https://creditacceptance.wd5.myworkdayjobs.com/wday/cxs/creditacceptance/credit_acceptance/job/USA--Remote/Senior-Lead-Product-Marketing-Specialist--Consumer-Marketing_R11313","timestamp":"2024-06-06 17:29:34"}
{"level":"error","message":"\"Error fetching job data\", https://creditacceptance.wd5.myworkdayjobs.com/wday/cxs/creditacceptance/credit_acceptance/job/USA--Remote/Senior-Lead-Product-Marketing-Specialist--Consumer-Marketing_R11313","timestamp":"2024-06-06 17:29:34"}
{"level":"error","message":"'Error fetching single job:' https://creditacceptance.wd5.myworkdayjobs.com/wday/cxs/creditacceptance/credit_acceptance/job/USA--Remote/Senior-Software-UI-Engineer_R11310","timestamp":"2024-06-06 17:29:34"}
{"level":"error","message":"\"Error fetching job data\", https://creditacceptance.wd5.myworkdayjobs.com/wday/cxs/creditacceptance/credit_acceptance/job/USA--Remote/Senior-Software-UI-Engineer_R11310","timestamp":"2024-06-06 17:29:34"}
{"level":"error","message":"'Error fetching single job:' https://creditacceptance.wd5.myworkdayjobs.com/wday/cxs/creditacceptance/credit_acceptance/job/Wisconsin--Remote/Market-Area-Manager---Kenosha--WI_R11323","timestamp":"2024-06-06 17:29:34"}
{"level":"error","message":"\"Error fetching job data\", https://creditacceptance.wd5.myworkdayjobs.com/wday/cxs/creditacceptance/credit_acceptance/job/Wisconsin--Remote/Market-Area-Manager---Kenosha--WI_R11323","timestamp":"2024-06-06 17:29:34"}
{"level":"error","message":"'Error fetching single job:' https://curriculumassociates.wd5.myworkdayjobs.com/wday/cxs/curriculumassociates/external/job/McAllen-Texas/Educational-Consultant--Bilingual----Per-Diem---McAllen--Texas_JR02506","timestamp":"2024-06-06 17:29:34"}
{"level":"error","message":"\"Error fetching job data\", https://curriculumassociates.wd5.myworkdayjobs.com/wday/cxs/curriculumassociates/external/job/McAllen-Texas/Educational-Consultant--Bilingual----Per-Diem---McAllen--Texas_JR02506","timestamp":"2024-06-06 17:29:34"}
{"level":"error","message":"'Error fetching single job:' https://curriculumassociates.wd5.myworkdayjobs.com/wday/cxs/curriculumassociates/external/job/US-Remote/Senior-Motion-Designer--FT--Temporary-_JR02830-2","timestamp":"2024-06-06 17:29:34"}
{"level":"error","message":"\"Error fetching job data\", https://curriculumassociates.wd5.myworkdayjobs.com/wday/cxs/curriculumassociates/external/job/US-Remote/Senior-Motion-Designer--FT--Temporary-_JR02830-2","timestamp":"2024-06-06 17:29:34"}
{"level":"error","message":"'Error fetching single job:' https://curriculumassociates.wd5.myworkdayjobs.com/wday/cxs/curriculumassociates/external/job/US-FL-Remote/Professional-Learning-Specialist---Broward-County--Florida_JR02638","timestamp":"2024-06-06 17:29:34"}
{"level":"error","message":"\"Error fetching job data\", https://curriculumassociates.wd5.myworkdayjobs.com/wday/cxs/curriculumassociates/external/job/US-FL-Remote/Professional-Learning-Specialist---Broward-County--Florida_JR02638","timestamp":"2024-06-06 17:29:34"}
{"level":"error","message":"'Error fetching single job:' https://curriculumassociates.wd5.myworkdayjobs.com/wday/cxs/curriculumassociates/external/job/US-NY-Remote/Educational-Consultant--Yonkers--NY---Per-Diem_JR02820","timestamp":"2024-06-06 17:29:34"}
{"level":"error","message":"\"Error fetching job data\", https://curriculumassociates.wd5.myworkdayjobs.com/wday/cxs/curriculumassociates/external/job/US-NY-Remote/Educational-Consultant--Yonkers--NY---Per-Diem_JR02820","timestamp":"2024-06-06 17:29:34"}
{"level":"error","message":"'Error fetching single job:' https://curriculumassociates.wd5.myworkdayjobs.com/wday/cxs/curriculumassociates/external/job/Tacoma-WA/Per-Diem---Sales-Support-Specialist_JR01906","timestamp":"2024-06-06 17:29:34"}
{"level":"error","message":"\"Error fetching job data\", https://curriculumassociates.wd5.myworkdayjobs.com/wday/cxs/curriculumassociates/external/job/Tacoma-WA/Per-Diem---Sales-Support-Specialist_JR01906","timestamp":"2024-06-06 17:29:34"}
{"level":"error","message":"'Error fetching single job:' https://curriculumassociates.wd5.myworkdayjobs.com/wday/cxs/curriculumassociates/external/job/US-CA-Remote/Educational-Consultant--Literacy--Per-Diem---San-Jose--California_JR02595","timestamp":"2024-06-06 17:29:34"}
{"level":"error","message":"\"Error fetching job data\", https://curriculumassociates.wd5.myworkdayjobs.com/wday/cxs/curriculumassociates/external/job/US-CA-Remote/Educational-Consultant--Literacy--Per-Diem---San-Jose--California_JR02595","timestamp":"2024-06-06 17:29:35"}
{"level":"error","message":"'Error fetching single job:' https://curriculumassociates.wd5.myworkdayjobs.com/wday/cxs/curriculumassociates/external/job/US-Remote/Senior-Manager--Web-Experience_JR02856","timestamp":"2024-06-06 17:29:35"}
{"level":"error","message":"\"Error fetching job data\", https://curriculumassociates.wd5.myworkdayjobs.com/wday/cxs/curriculumassociates/external/job/US-Remote/Senior-Manager--Web-Experience_JR02856","timestamp":"2024-06-06 17:29:35"}
{"level":"error","message":"'Error fetching single job:' https://curriculumassociates.wd5.myworkdayjobs.com/wday/cxs/curriculumassociates/external/job/US-Remote/Assessment-Design-Intern_JR02838","timestamp":"2024-06-06 17:29:35"}
{"level":"error","message":"\"Error fetching job data\", https://curriculumassociates.wd5.myworkdayjobs.com/wday/cxs/curriculumassociates/external/job/US-Remote/Assessment-Design-Intern_JR02838","timestamp":"2024-06-06 17:29:35"}
{"level":"error","message":"'Error fetching single job:' https://curriculumassociates.wd5.myworkdayjobs.com/wday/cxs/curriculumassociates/external/job/US-MA-Remote/Associate-Specialist--Engagement-PL-Operations_JR02850","timestamp":"2024-06-06 17:29:35"}
{"level":"error","message":"\"Error fetching job data\", https://curriculumassociates.wd5.myworkdayjobs.com/wday/cxs/curriculumassociates/external/job/US-MA-Remote/Associate-Specialist--Engagement-PL-Operations_JR02850","timestamp":"2024-06-06 17:29:35"}
{"level":"error","message":"'Error fetching single job:' https://curriculumassociates.wd5.myworkdayjobs.com/wday/cxs/curriculumassociates/external/job/US-IL-Remote/Sales-Director_JR02851","timestamp":"2024-06-06 17:29:35"}
{"level":"error","message":"\"Error fetching job data\", https://curriculumassociates.wd5.myworkdayjobs.com/wday/cxs/curriculumassociates/external/job/US-IL-Remote/Sales-Director_JR02851","timestamp":"2024-06-06 17:29:35"}
{"level":"error","message":"'Error fetching single job:' https://curriculumassociates.wd5.myworkdayjobs.com/wday/cxs/curriculumassociates/external/job/US-SC-Remote/Professional-Learning-Specialist--Math-----Columbia--South-Carolina_JR02835","timestamp":"2024-06-06 17:29:35"}
{"level":"error","message":"\"Error fetching job data\", https://curriculumassociates.wd5.myworkdayjobs.com/wday/cxs/curriculumassociates/external/job/US-SC-Remote/Professional-Learning-Specialist--Math-----Columbia--South-Carolina_JR02835","timestamp":"2024-06-06 17:29:35"}
{"level":"error","message":"'Error fetching single job:' https://curriculumassociates.wd5.myworkdayjobs.com/wday/cxs/curriculumassociates/external/job/US-FL-Remote/Per-Diem---Educational-Consultant---Palm-Beach-County--Florida-_JR02831","timestamp":"2024-06-06 17:29:35"}
{"level":"error","message":"\"Error fetching job data\", https://curriculumassociates.wd5.myworkdayjobs.com/wday/cxs/curriculumassociates/external/job/US-FL-Remote/Per-Diem---Educational-Consultant---Palm-Beach-County--Florida-_JR02831","timestamp":"2024-06-06 17:29:35"}
{"level":"error","message":"'Error fetching single job:' https://curriculumassociates.wd5.myworkdayjobs.com/wday/cxs/curriculumassociates/external/job/US-AZ-Tucson/Educational-Consultant--Math----Per-Diem---Tucson--Arizona_JR02817","timestamp":"2024-06-06 17:29:35"}
{"level":"error","message":"\"Error fetching job data\", https://curriculumassociates.wd5.myworkdayjobs.com/wday/cxs/curriculumassociates/external/job/US-AZ-Tucson/Educational-Consultant--Math----Per-Diem---Tucson--Arizona_JR02817","timestamp":"2024-06-06 17:29:35"}
{"level":"error","message":"'Error fetching single job:' https://curriculumassociates.wd5.myworkdayjobs.com/wday/cxs/curriculumassociates/external/job/US-AR-Remote/Per-Diem-Educational-Consultant-Fayetteville--Arkansas_JR02301","timestamp":"2024-06-06 17:29:35"}
{"level":"error","message":"\"Error fetching job data\", https://curriculumassociates.wd5.myworkdayjobs.com/wday/cxs/curriculumassociates/external/job/US-AR-Remote/Per-Diem-Educational-Consultant-Fayetteville--Arkansas_JR02301","timestamp":"2024-06-06 17:29:35"}
{"level":"error","message":"'Error fetching single job:' https://curriculumassociates.wd5.myworkdayjobs.com/wday/cxs/curriculumassociates/external/job/US-CO-Remote/Educational-Consultant--Kansas---Per-Diem_JR02527","timestamp":"2024-06-06 17:29:35"}
{"level":"error","message":"\"Error fetching job data\", https://curriculumassociates.wd5.myworkdayjobs.com/wday/cxs/curriculumassociates/external/job/US-CO-Remote/Educational-Consultant--Kansas---Per-Diem_JR02527","timestamp":"2024-06-06 17:29:35"}
{"level":"error","message":"'Error fetching single job:' https://curriculumassociates.wd5.myworkdayjobs.com/wday/cxs/curriculumassociates/external/job/Wichita-Kansas/Educational-Consultant--Math----Per-Diem---Wichita--Kansas_JR02764","timestamp":"2024-06-06 17:29:35"}
{"level":"error","message":"\"Error fetching job data\", https://curriculumassociates.wd5.myworkdayjobs.com/wday/cxs/curriculumassociates/external/job/Wichita-Kansas/Educational-Consultant--Math----Per-Diem---Wichita--Kansas_JR02764","timestamp":"2024-06-06 17:29:35"}
{"level":"error","message":"'Error fetching single job:' https://curriculumassociates.wd5.myworkdayjobs.com/wday/cxs/curriculumassociates/external/job/Columbus-Ohio/Sales-Support-Specialist_JR02673","timestamp":"2024-06-06 17:29:35"}
{"level":"error","message":"\"Error fetching job data\", https://curriculumassociates.wd5.myworkdayjobs.com/wday/cxs/curriculumassociates/external/job/Columbus-Ohio/Sales-Support-Specialist_JR02673","timestamp":"2024-06-06 17:29:35"}
{"level":"error","message":"'Error fetching single job:' https://curriculumassociates.wd5.myworkdayjobs.com/wday/cxs/curriculumassociates/external/job/US-UT-Remote/Educational-Consultant---Per-Diem---Salt-Lake-City--Utah_JR02526","timestamp":"2024-06-06 17:29:35"}
{"level":"error","message":"\"Error fetching job data\", https://curriculumassociates.wd5.myworkdayjobs.com/wday/cxs/curriculumassociates/external/job/US-UT-Remote/Educational-Consultant---Per-Diem---Salt-Lake-City--Utah_JR02526","timestamp":"2024-06-06 17:29:35"}
{"level":"error","message":"'Error fetching single job:' https://curriculumassociates.wd5.myworkdayjobs.com/wday/cxs/curriculumassociates/external/job/McAllen-Texas/Per-Diem---Sales-Support-II_JR02565","timestamp":"2024-06-06 17:29:35"}
{"level":"error","message":"\"Error fetching job data\", https://curriculumassociates.wd5.myworkdayjobs.com/wday/cxs/curriculumassociates/external/job/McAllen-Texas/Per-Diem---Sales-Support-II_JR02565","timestamp":"2024-06-06 17:29:35"}
{"level":"error","message":"'Error fetching single job:' https://curriculumassociates.wd5.myworkdayjobs.com/wday/cxs/curriculumassociates/external/job/US-Remote/Psychometric-Intern_JR02758","timestamp":"2024-06-06 17:29:35"}
{"level":"error","message":"\"Error fetching job data\", https://curriculumassociates.wd5.myworkdayjobs.com/wday/cxs/curriculumassociates/external/job/US-Remote/Psychometric-Intern_JR02758","timestamp":"2024-06-06 17:29:35"}
{"level":"error","message":"'Error fetching single job:' https://curriculumassociates.wd5.myworkdayjobs.com/wday/cxs/curriculumassociates/external/job/US-Remote/Psychometric-Intern_JR02758","timestamp":"2024-06-06 17:29:35"}
{"level":"error","message":"\"Error fetching job data\", https://curriculumassociates.wd5.myworkdayjobs.com/wday/cxs/curriculumassociates/external/job/US-Remote/Psychometric-Intern_JR02758","timestamp":"2024-06-06 17:29:35"}
{"level":"error","message":"'Error fetching single job:' https://curriculumassociates.wd5.myworkdayjobs.com/wday/cxs/curriculumassociates/external/job/US-CA-Remote/Per-Diem-Educational-Consultant--ELA-or-Reading----Chico--California-_JR02569","timestamp":"2024-06-06 17:29:35"}
{"level":"error","message":"\"Error fetching job data\", https://curriculumassociates.wd5.myworkdayjobs.com/wday/cxs/curriculumassociates/external/job/US-CA-Remote/Per-Diem-Educational-Consultant--ELA-or-Reading----Chico--California-_JR02569","timestamp":"2024-06-06 17:29:35"}
{"level":"error","message":"'Error fetching single job:' https://curriculumassociates.wd5.myworkdayjobs.com/wday/cxs/curriculumassociates/external/job/US-CA-Remote/Per-Diem-Educational-Consultant---Fresno--California_JR02590","timestamp":"2024-06-06 17:29:35"}
{"level":"error","message":"\"Error fetching job data\", https://curriculumassociates.wd5.myworkdayjobs.com/wday/cxs/curriculumassociates/external/job/US-CA-Remote/Per-Diem-Educational-Consultant---Fresno--California_JR02590","timestamp":"2024-06-06 17:29:35"}
{"level":"error","message":"'Error fetching single job:' https://curriculumassociates.wd5.myworkdayjobs.com/wday/cxs/curriculumassociates/external/job/US-NY-Remote/Educational-Consultant--Professional-Learning--Math-----Albany--NY_JR02775","timestamp":"2024-06-06 17:29:35"}
{"level":"error","message":"\"Error fetching job data\", https://curriculumassociates.wd5.myworkdayjobs.com/wday/cxs/curriculumassociates/external/job/US-NY-Remote/Educational-Consultant--Professional-Learning--Math-----Albany--NY_JR02775","timestamp":"2024-06-06 17:29:35"}
{"level":"error","message":"'Error fetching single job:' https://curriculumassociates.wd5.myworkdayjobs.com/wday/cxs/curriculumassociates/external/job/Kansas-City-Kansas/Educational-Consultant---Per-Diem---Kansas-City--Kansas_JR02762-1","timestamp":"2024-06-06 17:29:35"}
{"level":"error","message":"\"Error fetching job data\", https://curriculumassociates.wd5.myworkdayjobs.com/wday/cxs/curriculumassociates/external/job/Kansas-City-Kansas/Educational-Consultant---Per-Diem---Kansas-City--Kansas_JR02762-1","timestamp":"2024-06-06 17:29:35"}
{"level":"error","message":"'Error fetching single job:' https://curriculumassociates.wd5.myworkdayjobs.com/wday/cxs/curriculumassociates/external/job/US-MD-Remote/Educational-Consultant--ELA-or-Reading----Per-Diem---Baltimore--MD_JR02659","timestamp":"2024-06-06 17:29:35"}
